mode: set
_/Users/robertot/Devel/lisper/utils.go:11.35,17.2 5 1
_/Users/robertot/Devel/lisper/utils.go:19.30,20.17 1 1
_/Users/robertot/Devel/lisper/utils.go:24.2,38.33 2 1
_/Users/robertot/Devel/lisper/utils.go:20.17,21.38 1 0
_/Users/robertot/Devel/lisper/utils.go:41.27,43.16 2 1
_/Users/robertot/Devel/lisper/utils.go:51.2,51.43 1 0
_/Users/robertot/Devel/lisper/utils.go:43.16,45.17 2 1
_/Users/robertot/Devel/lisper/utils.go:49.3,49.42 1 1
_/Users/robertot/Devel/lisper/utils.go:45.17,48.4 2 0
_/Users/robertot/Devel/lisper/utils.go:56.37,57.40 1 1
_/Users/robertot/Devel/lisper/utils.go:60.2,60.14 1 1
_/Users/robertot/Devel/lisper/utils.go:57.40,59.3 1 1
_/Users/robertot/Devel/lisper/val.go:24.29,25.23 1 1
_/Users/robertot/Devel/lisper/val.go:26.11,27.30 1 1
_/Users/robertot/Devel/lisper/val.go:28.13,29.30 1 1
_/Users/robertot/Devel/lisper/val.go:30.15,31.25 1 1
_/Users/robertot/Devel/lisper/val.go:32.14,33.26 1 1
_/Users/robertot/Devel/lisper/val.go:34.12,35.27 1 1
_/Users/robertot/Devel/lisper/val.go:36.10,37.28 1 0
_/Users/robertot/Devel/lisper/ops.go:4.38,5.36 1 1
_/Users/robertot/Devel/lisper/ops.go:9.2,9.13 1 1
_/Users/robertot/Devel/lisper/ops.go:26.2,26.8 1 1
_/Users/robertot/Devel/lisper/ops.go:5.36,6.32 1 0
_/Users/robertot/Devel/lisper/ops.go:10.11,11.14 1 1
_/Users/robertot/Devel/lisper/ops.go:17.13,18.14 1 1
_/Users/robertot/Devel/lisper/ops.go:12.12,13.36 1 1
_/Users/robertot/Devel/lisper/ops.go:14.14,15.47 1 1
_/Users/robertot/Devel/lisper/ops.go:19.12,20.47 1 1
_/Users/robertot/Devel/lisper/ops.go:21.14,22.40 1 0
_/Users/robertot/Devel/lisper/ops.go:30.38,31.36 1 1
_/Users/robertot/Devel/lisper/ops.go:35.2,35.13 1 1
_/Users/robertot/Devel/lisper/ops.go:52.2,52.8 1 1
_/Users/robertot/Devel/lisper/ops.go:31.36,32.32 1 0
_/Users/robertot/Devel/lisper/ops.go:36.11,37.14 1 1
_/Users/robertot/Devel/lisper/ops.go:43.13,44.14 1 1
_/Users/robertot/Devel/lisper/ops.go:38.12,39.36 1 1
_/Users/robertot/Devel/lisper/ops.go:40.14,41.47 1 0
_/Users/robertot/Devel/lisper/ops.go:45.12,46.47 1 0
_/Users/robertot/Devel/lisper/ops.go:47.14,48.40 1 1
_/Users/robertot/Devel/lisper/ops.go:56.38,58.36 1 1
_/Users/robertot/Devel/lisper/ops.go:62.2,62.13 1 1
_/Users/robertot/Devel/lisper/ops.go:79.2,79.8 1 1
_/Users/robertot/Devel/lisper/ops.go:58.36,59.32 1 0
_/Users/robertot/Devel/lisper/ops.go:63.11,64.14 1 1
_/Users/robertot/Devel/lisper/ops.go:70.13,71.14 1 1
_/Users/robertot/Devel/lisper/ops.go:65.12,66.36 1 1
_/Users/robertot/Devel/lisper/ops.go:67.14,68.47 1 0
_/Users/robertot/Devel/lisper/ops.go:72.12,73.47 1 0
_/Users/robertot/Devel/lisper/ops.go:74.14,75.40 1 1
_/Users/robertot/Devel/lisper/ops.go:83.38,85.36 1 1
_/Users/robertot/Devel/lisper/ops.go:89.2,89.36 1 1
_/Users/robertot/Devel/lisper/ops.go:93.2,93.51 1 1
_/Users/robertot/Devel/lisper/ops.go:97.2,97.13 1 1
_/Users/robertot/Devel/lisper/ops.go:114.2,114.8 1 1
_/Users/robertot/Devel/lisper/ops.go:85.36,86.32 1 0
_/Users/robertot/Devel/lisper/ops.go:89.36,90.26 1 0
_/Users/robertot/Devel/lisper/ops.go:93.51,94.26 1 0
_/Users/robertot/Devel/lisper/ops.go:98.11,99.14 1 1
_/Users/robertot/Devel/lisper/ops.go:105.13,106.14 1 1
_/Users/robertot/Devel/lisper/ops.go:100.12,101.36 1 1
_/Users/robertot/Devel/lisper/ops.go:102.14,103.47 1 0
_/Users/robertot/Devel/lisper/ops.go:107.12,108.47 1 0
_/Users/robertot/Devel/lisper/ops.go:109.14,110.40 1 1
_/Users/robertot/Devel/lisper/ops.go:118.33,119.16 1 1
_/Users/robertot/Devel/lisper/ops.go:123.2,123.18 1 1
_/Users/robertot/Devel/lisper/ops.go:127.2,127.22 1 1
_/Users/robertot/Devel/lisper/ops.go:119.16,121.3 1 1
_/Users/robertot/Devel/lisper/ops.go:123.18,125.3 1 1
_/Users/robertot/Devel/lisper/ops.go:131.33,132.52 1 1
_/Users/robertot/Devel/lisper/ops.go:136.2,136.36 1 1
_/Users/robertot/Devel/lisper/ops.go:140.2,142.18 2 1
_/Users/robertot/Devel/lisper/ops.go:148.2,148.18 1 1
_/Users/robertot/Devel/lisper/ops.go:154.2,154.17 1 1
_/Users/robertot/Devel/lisper/ops.go:132.52,134.3 1 1
_/Users/robertot/Devel/lisper/ops.go:136.36,138.3 1 1
_/Users/robertot/Devel/lisper/ops.go:142.18,144.3 1 0
_/Users/robertot/Devel/lisper/ops.go:144.3,146.3 1 1
_/Users/robertot/Devel/lisper/ops.go:148.18,150.3 1 0
_/Users/robertot/Devel/lisper/ops.go:150.3,152.3 1 1
_/Users/robertot/Devel/lisper/ops.go:158.33,159.52 1 1
_/Users/robertot/Devel/lisper/ops.go:163.2,163.36 1 1
_/Users/robertot/Devel/lisper/ops.go:167.2,169.18 2 1
_/Users/robertot/Devel/lisper/ops.go:175.2,175.18 1 1
_/Users/robertot/Devel/lisper/ops.go:181.2,181.18 1 1
_/Users/robertot/Devel/lisper/ops.go:159.52,161.3 1 0
_/Users/robertot/Devel/lisper/ops.go:163.36,165.3 1 0
_/Users/robertot/Devel/lisper/ops.go:169.18,171.3 1 0
_/Users/robertot/Devel/lisper/ops.go:171.3,173.3 1 1
_/Users/robertot/Devel/lisper/ops.go:175.18,177.3 1 0
_/Users/robertot/Devel/lisper/ops.go:177.3,179.3 1 1
_/Users/robertot/Devel/lisper/ops.go:185.33,186.52 1 1
_/Users/robertot/Devel/lisper/ops.go:190.2,190.36 1 1
_/Users/robertot/Devel/lisper/ops.go:194.2,196.18 2 1
_/Users/robertot/Devel/lisper/ops.go:202.2,202.18 1 1
_/Users/robertot/Devel/lisper/ops.go:208.2,208.17 1 1
_/Users/robertot/Devel/lisper/ops.go:186.52,188.3 1 0
_/Users/robertot/Devel/lisper/ops.go:190.36,192.3 1 0
_/Users/robertot/Devel/lisper/ops.go:196.18,198.3 1 0
_/Users/robertot/Devel/lisper/ops.go:198.3,200.3 1 1
_/Users/robertot/Devel/lisper/ops.go:202.18,204.3 1 0
_/Users/robertot/Devel/lisper/ops.go:204.3,206.3 1 1
_/Users/robertot/Devel/lisper/ops.go:212.33,213.52 1 1
_/Users/robertot/Devel/lisper/ops.go:217.2,217.36 1 1
_/Users/robertot/Devel/lisper/ops.go:221.2,223.18 2 1
_/Users/robertot/Devel/lisper/ops.go:229.2,229.18 1 1
_/Users/robertot/Devel/lisper/ops.go:235.2,235.18 1 1
_/Users/robertot/Devel/lisper/ops.go:213.52,215.3 1 0
_/Users/robertot/Devel/lisper/ops.go:217.36,219.3 1 0
_/Users/robertot/Devel/lisper/ops.go:223.18,225.3 1 0
_/Users/robertot/Devel/lisper/ops.go:225.3,227.3 1 1
_/Users/robertot/Devel/lisper/ops.go:229.18,231.3 1 0
_/Users/robertot/Devel/lisper/ops.go:231.3,233.3 1 1
_/Users/robertot/Devel/lisper/ops.go:239.33,240.52 1 1
_/Users/robertot/Devel/lisper/ops.go:244.2,244.36 1 1
_/Users/robertot/Devel/lisper/ops.go:248.2,250.18 2 1
_/Users/robertot/Devel/lisper/ops.go:256.2,256.18 1 1
_/Users/robertot/Devel/lisper/ops.go:262.2,262.30 1 1
_/Users/robertot/Devel/lisper/ops.go:240.52,242.3 1 0
_/Users/robertot/Devel/lisper/ops.go:244.36,246.3 1 0
_/Users/robertot/Devel/lisper/ops.go:250.18,252.3 1 0
_/Users/robertot/Devel/lisper/ops.go:252.3,254.3 1 1
_/Users/robertot/Devel/lisper/ops.go:256.18,258.3 1 0
_/Users/robertot/Devel/lisper/ops.go:258.3,260.3 1 1
_/Users/robertot/Devel/lisper/parser.go:9.26,11.2 1 1
_/Users/robertot/Devel/lisper/parser.go:13.40,20.2 4 1
